  [1m[35m (0.8ms)[0m  [1m[35mCREATE TABLE "schema_migrations" ("version" varchar NOT NULL PRIMARY KEY) /*application='Ttd'*/[0m
  [1m[35m (0.1ms)[0m  [1m[35mCREATE TABLE "ar_internal_metadata" ("key" varchar NOT NULL PRIMARY KEY, "value" varchar, "created_at" datetime(6) NOT NULL, "updated_at" datetime(6) NOT NULL) /*application='Ttd'*/[0m
  [1m[36mActiveRecord::InternalMetadata Load (0.1ms)[0m  [1m[34mSELECT * FROM "ar_internal_metadata" WHERE "ar_internal_metadata"."key" = 'environment' ORDER BY "ar_internal_metadata"."key" ASC LIMIT 1 /*application='Ttd'*/[0m
  [1m[36mActiveRecord::InternalMetadata Create (0.1ms)[0m  [1m[32mINSERT INTO "ar_internal_metadata" ("key", "value", "created_at", "updated_at") VALUES ('environment', 'development', '2026-03-13 07:29:12.584985', '2026-03-13 07:29:12.584987') RETURNING "key" /*application='Ttd'*/[0m
  [1m[36mActiveRecord::SchemaMigration Load (0.1ms)[0m  [1m[34mSELECT "schema_migrations"."version" FROM "schema_migrations" ORDER BY "schema_migrations"."version" ASC /*application='Ttd'*/[0m
Migrating to CreateGames (20260313072310)
  [1m[36mTRANSACTION (0.0ms)[0m  [1m[35mBEGIN immediate TRANSACTION /*application='Ttd'*/[0m
  [1m[35m (0.9ms)[0m  [1m[35mCREATE TABLE "games" ("id" integer PRIMARY KEY AUTOINCREMENT NOT NULL, "status" varchar DEFAULT 'lobby' NOT NULL, "host_token" varchar NOT NULL, "settings" json DEFAULT '{}', "created_at" datetime(6) NOT NULL, "updated_at" datetime(6) NOT NULL) /*application='Ttd'*/[0m
  [1m[35m (0.1ms)[0m  [1m[35mCREATE UNIQUE INDEX "index_games_on_host_token" ON "games" ("host_token") /*application='Ttd'*/[0m
  [1m[36mActiveRecord::SchemaMigration Create (0.0ms)[0m  [1m[32mINSERT INTO "schema_migrations" ("version") VALUES ('20260313072310') RETURNING "version" /*application='Ttd'*/[0m
  [1m[36mTRANSACTION (0.2ms)[0m  [1m[35mCOMMIT TRANSACTION /*application='Ttd'*/[0m
Migrating to CreateTeams (20260313072311)
  [1m[36mTRANSACTION (0.0ms)[0m  [1m[35mBEGIN immediate TRANSACTION /*application='Ttd'*/[0m
  [1m[35m (0.4ms)[0m  [1m[35mCREATE TABLE "teams" ("id" integer PRIMARY KEY AUTOINCREMENT NOT NULL, "game_id" integer NOT NULL, "name" varchar NOT NULL, "score" integer DEFAULT 0 NOT NULL, "lifeline_single_used" boolean DEFAULT 0 NOT NULL, "lifeline_team_used" boolean DEFAULT 0 NOT NULL, "created_at" datetime(6) NOT NULL, "updated_at" datetime(6) NOT NULL, CONSTRAINT "fk_rails_5b5c61bcc0"
FOREIGN KEY ("game_id")
  REFERENCES "games" ("id")
) /*application='Ttd'*/[0m
  [1m[35m (1.6ms)[0m  [1m[35mCREATE INDEX "index_teams_on_game_id" ON "teams" ("game_id") /*application='Ttd'*/[0m
  [1m[36mActiveRecord::SchemaMigration Create (0.4ms)[0m  [1m[32mINSERT INTO "schema_migrations" ("version") VALUES ('20260313072311') RETURNING "version" /*application='Ttd'*/[0m
  [1m[36mTRANSACTION (0.3ms)[0m  [1m[35mCOMMIT TRANSACTION /*application='Ttd'*/[0m
Migrating to CreatePlayers (20260313072312)
  [1m[36mTRANSACTION (0.0ms)[0m  [1m[35mBEGIN immediate TRANSACTION /*application='Ttd'*/[0m
  [1m[35m (0.7ms)[0m  [1m[35mCREATE TABLE "players" ("id" integer PRIMARY KEY AUTOINCREMENT NOT NULL, "team_id" integer NOT NULL, "name" varchar NOT NULL, "is_host" boolean DEFAULT 0 NOT NULL, "online" boolean DEFAULT 1 NOT NULL, "created_at" datetime(6) NOT NULL, "updated_at" datetime(6) NOT NULL, CONSTRAINT "fk_rails_8880a915a5"
FOREIGN KEY ("team_id")
  REFERENCES "teams" ("id")
) /*application='Ttd'*/[0m
  [1m[35m (0.0ms)[0m  [1m[35mCREATE INDEX "index_players_on_team_id" ON "players" ("team_id") /*application='Ttd'*/[0m
  [1m[36mActiveRecord::SchemaMigration Create (0.1ms)[0m  [1m[32mINSERT INTO "schema_migrations" ("version") VALUES ('20260313072312') RETURNING "version" /*application='Ttd'*/[0m
  [1m[36mTRANSACTION (0.3ms)[0m  [1m[35mCOMMIT TRANSACTION /*application='Ttd'*/[0m
Migrating to CreateRounds (20260313072313)
  [1m[36mTRANSACTION (0.3ms)[0m  [1m[35mBEGIN immediate TRANSACTION /*application='Ttd'*/[0m
  [1m[35m (1.0ms)[0m  [1m[35mCREATE TABLE "rounds" ("id" integer PRIMARY KEY AUTOINCREMENT NOT NULL, "game_id" integer NOT NULL, "number" integer NOT NULL, "reps" json DEFAULT '{}', "question_index" integer DEFAULT 0 NOT NULL, "created_at" datetime(6) NOT NULL, "updated_at" datetime(6) NOT NULL, CONSTRAINT "fk_rails_7812c1b477"
FOREIGN KEY ("game_id")
  REFERENCES "games" ("id")
) /*application='Ttd'*/[0m
  [1m[35m (0.0ms)[0m  [1m[35mCREATE INDEX "index_rounds_on_game_id" ON "rounds" ("game_id") /*application='Ttd'*/[0m
  [1m[36mActiveRecord::SchemaMigration Create (0.0ms)[0m  [1m[32mINSERT INTO "schema_migrations" ("version") VALUES ('20260313072313') RETURNING "version" /*application='Ttd'*/[0m
  [1m[36mTRANSACTION (0.1ms)[0m  [1m[35mCOMMIT TRANSACTION /*application='Ttd'*/[0m
Migrating to CreateTurns (20260313072314)
  [1m[36mTRANSACTION (0.5ms)[0m  [1m[35mBEGIN immediate TRANSACTION /*application='Ttd'*/[0m
  [1m[35m (1.4ms)[0m  [1m[35mCREATE TABLE "turns" ("id" integer PRIMARY KEY AUTOINCREMENT NOT NULL, "round_id" integer NOT NULL, "team_id" integer NOT NULL, "rep_id" integer, "topic" varchar, "difficulty" varchar, "chaos_outcome" varchar, "multiplier" boolean DEFAULT 0 NOT NULL, "lifeline_type" varchar, "answered_correct" boolean, "steal_team_id" integer, "steal_correct" boolean, "points_awarded" integer, "created_at" datetime(6) NOT NULL, "updated_at" datetime(6) NOT NULL, CONSTRAINT "fk_rails_a41dc4abac"
FOREIGN KEY ("round_id")
  REFERENCES "rounds" ("id")
, CONSTRAINT "fk_rails_d3380a493d"
FOREIGN KEY ("team_id")
  REFERENCES "teams" ("id")
) /*application='Ttd'*/[0m
  [1m[35m (0.0ms)[0m  [1m[35mCREATE INDEX "index_turns_on_round_id" ON "turns" ("round_id") /*application='Ttd'*/[0m
  [1m[35m (0.0ms)[0m  [1m[35mCREATE INDEX "index_turns_on_team_id" ON "turns" ("team_id") /*application='Ttd'*/[0m
  [1m[35m (0.0ms)[0m  [1m[35mCREATE INDEX "index_turns_on_rep_id" ON "turns" ("rep_id") /*application='Ttd'*/[0m
  [1m[35m (0.0ms)[0m  [1m[35mCREATE INDEX "index_turns_on_steal_team_id" ON "turns" ("steal_team_id") /*application='Ttd'*/[0m
  [1m[36mActiveRecord::SchemaMigration Create (0.1ms)[0m  [1m[32mINSERT INTO "schema_migrations" ("version") VALUES ('20260313072314') RETURNING "version" /*application='Ttd'*/[0m
  [1m[36mTRANSACTION (0.1ms)[0m  [1m[35mCOMMIT TRANSACTION /*application='Ttd'*/[0m
Migrating to CreateQuestions (20260313072315)
  [1m[36mTRANSACTION (0.0ms)[0m  [1m[35mBEGIN immediate TRANSACTION /*application='Ttd'*/[0m
  [1m[35m (0.4ms)[0m  [1m[35mCREATE TABLE "questions" ("id" integer PRIMARY KEY AUTOINCREMENT NOT NULL, "topic" varchar, "difficulty" varchar, "qtype" varchar, "prompt" text, "correct_answer" varchar, "aliases" json, "options" json, "source" varchar, "region" varchar, "created_at" datetime(6) NOT NULL, "updated_at" datetime(6) NOT NULL) /*application='Ttd'*/[0m
  [1m[36mActiveRecord::SchemaMigration Create (0.2ms)[0m  [1m[32mINSERT INTO "schema_migrations" ("version") VALUES ('20260313072315') RETURNING "version" /*application='Ttd'*/[0m
  [1m[36mTRANSACTION (0.1ms)[0m  [1m[35mCOMMIT TRANSACTION /*application='Ttd'*/[0m
Migrating to CreateBuzzs (20260313072316)
  [1m[36mTRANSACTION (0.0ms)[0m  [1m[35mBEGIN immediate TRANSACTION /*application='Ttd'*/[0m
  [1m[35m (0.5ms)[0m  [1m[35mCREATE TABLE "buzzs" ("id" integer PRIMARY KEY AUTOINCREMENT NOT NULL, "turn_id" integer NOT NULL, "team_id" integer NOT NULL, "player_id" integer NOT NULL, "created_at" datetime(6) NOT NULL, "updated_at" datetime(6) NOT NULL, CONSTRAINT "fk_rails_c23092fd9f"
FOREIGN KEY ("turn_id")
  REFERENCES "turns" ("id")
, CONSTRAINT "fk_rails_d4b857ecec"
FOREIGN KEY ("team_id")
  REFERENCES "teams" ("id")
, CONSTRAINT "fk_rails_d8500ed4b0"
FOREIGN KEY ("player_id")
  REFERENCES "players" ("id")
) /*application='Ttd'*/[0m
  [1m[35m (0.1ms)[0m  [1m[35mCREATE INDEX "index_buzzs_on_turn_id" ON "buzzs" ("turn_id") /*application='Ttd'*/[0m
  [1m[35m (0.0ms)[0m  [1m[35mCREATE INDEX "index_buzzs_on_team_id" ON "buzzs" ("team_id") /*application='Ttd'*/[0m
  [1m[35m (0.0ms)[0m  [1m[35mCREATE INDEX "index_buzzs_on_player_id" ON "buzzs" ("player_id") /*application='Ttd'*/[0m
  [1m[36mActiveRecord::SchemaMigration Create (0.0ms)[0m  [1m[32mINSERT INTO "schema_migrations" ("version") VALUES ('20260313072316') RETURNING "version" /*application='Ttd'*/[0m
  [1m[36mTRANSACTION (0.1ms)[0m  [1m[35mCOMMIT TRANSACTION /*application='Ttd'*/[0m
  [1m[36mActiveRecord::SchemaMigration Load (0.2ms)[0m  [1m[34mSELECT "schema_migrations"."version" FROM "schema_migrations" ORDER BY "schema_migrations"."version" ASC /*application='Ttd'*/[0m
  [1m[36mActiveRecord::InternalMetadata Load (0.3ms)[0m  [1m[34mSELECT * FROM "ar_internal_metadata" WHERE "ar_internal_metadata"."key" = 'environment' ORDER BY "ar_internal_metadata"."key" ASC LIMIT 1 /*application='Ttd'*/[0m
  [1m[36mActiveRecord::SchemaMigration Load (0.1ms)[0m  [1m[34mSELECT "schema_migrations"."version" FROM "schema_migrations" ORDER BY "schema_migrations"."version" ASC /*application='Ttd'*/[0m
Migrating to RenameBuzzsToBuzzes (20260313072920)
  [1m[36mTRANSACTION (0.0ms)[0m  [1m[35mBEGIN immediate TRANSACTION /*application='Ttd'*/[0m
  [1m[35mSQL (3.2ms)[0m  [1m[35mALTER TABLE "buzzs" RENAME TO "buzzes" /*application='Ttd'*/[0m
  [1m[35m (0.2ms)[0m  [1m[35mCREATE INDEX "index_buzzes_on_player_id" ON "buzzes" ("player_id") /*application='Ttd'*/[0m
  [1m[35mSQL (0.5ms)[0m  [1m[35mDROP INDEX "index_buzzs_on_player_id" /*application='Ttd'*/[0m
  [1m[35m (0.3ms)[0m  [1m[35mCREATE INDEX "index_buzzes_on_team_id" ON "buzzes" ("team_id") /*application='Ttd'*/[0m
  [1m[35mSQL (0.0ms)[0m  [1m[35mDROP INDEX "index_buzzs_on_team_id" /*application='Ttd'*/[0m
  [1m[35m (0.0ms)[0m  [1m[35mCREATE INDEX "index_buzzes_on_turn_id" ON "buzzes" ("turn_id") /*application='Ttd'*/[0m
  [1m[35mSQL (0.0ms)[0m  [1m[35mDROP INDEX "index_buzzs_on_turn_id" /*application='Ttd'*/[0m
  [1m[36mActiveRecord::SchemaMigration Create (0.0ms)[0m  [1m[32mINSERT INTO "schema_migrations" ("version") VALUES ('20260313072920') RETURNING "version" /*application='Ttd'*/[0m
  [1m[36mTRANSACTION (0.7ms)[0m  [1m[35mCOMMIT TRANSACTION /*application='Ttd'*/[0m
  [1m[36mActiveRecord::SchemaMigration Load (0.0ms)[0m  [1m[34mSELECT "schema_migrations"."version" FROM "schema_migrations" ORDER BY "schema_migrations"."version" ASC /*application='Ttd'*/[0m
Started GET "/" for ::1 at 2026-03-13 09:31:29 +0200
  [1m[36mActiveRecord::SchemaMigration Load (0.5ms)[0m  [1m[34mSELECT "schema_migrations"."version" FROM "schema_migrations" ORDER BY "schema_migrations"."version" ASC /*application='Ttd'*/[0m
Processing by GamesController#new as HTML
  Rendering layout layouts/application.html.erb
  Rendering games/new.html.erb within layouts/application
  Rendered games/new.html.erb within layouts/application (Duration: 2.6ms | GC: 0.0ms)
  Rendered layout layouts/application.html.erb (Duration: 15.7ms | GC: 1.6ms)
Completed 200 OK in 108ms (Views: 24.7ms | ActiveRecord: 0.0ms (0 queries, 0 cached) | GC: 9.9ms)


Started POST "/games" for ::1 at 2026-03-13 09:31:32 +0200
Processing by GamesController#create as TURBO_STREAM
  Parameters: {"authenticity_token"=>"[FILTERED]"}
  [1m[36mTRANSACTION (1.7ms)[0m  [1m[35mBEGIN immediate TRANSACTION /*action='create',application='Ttd',controller='games'*/[0m
  ↳ app/controllers/games_controller.rb:9:in `create'
  [1m[36mGame Exists? (3.9ms)[0m  [1m[34mSELECT 1 AS one FROM "games" WHERE "games"."host_token" = '5870b33910a632d43e747f517cb178da' LIMIT 1 /*action='create',application='Ttd',controller='games'*/[0m
  ↳ app/controllers/games_controller.rb:9:in `create'
  [1m[36mGame Create (0.6ms)[0m  [1m[32mINSERT INTO "games" ("status", "host_token", "settings", "created_at", "updated_at") VALUES ('lobby', '5870b33910a632d43e747f517cb178da', '{}', '2026-03-13 07:31:32.112066', '2026-03-13 07:31:32.112066') RETURNING "id" /*action='create',application='Ttd',controller='games'*/[0m
  ↳ app/controllers/games_controller.rb:9:in `create'
  [1m[36mTRANSACTION (0.3ms)[0m  [1m[35mCOMMIT TRANSACTION /*action='create',application='Ttd',controller='games'*/[0m
  ↳ app/controllers/games_controller.rb:9:in `create'
Redirected to http://localhost:3000/games/1/host/5870b33910a632d43e747f517cb178da
Completed 302 Found in 108ms (ActiveRecord: 8.2ms (2 queries, 0 cached) | GC: 8.6ms)


Started GET "/games/1/host/5870b33910a632d43e747f517cb178da" for ::1 at 2026-03-13 09:31:32 +0200
Processing by GamesController#show as TURBO_STREAM
  Parameters: {"id"=>"1", "token"=>"[FILTERED]"}
  [1m[36mGame Load (0.2ms)[0m  [1m[34mSELECT "games".* FROM "games" WHERE "games"."id" = 1 LIMIT 1 /*action='show',application='Ttd',controller='games'*/[0m
  ↳ app/controllers/games_controller.rb:25:in `set_game'
  [1m[36mRound Load (0.1ms)[0m  [1m[34mSELECT "rounds".* FROM "rounds" WHERE "rounds"."game_id" = 1 ORDER BY "rounds"."number" DESC LIMIT 1 /*action='show',application='Ttd',controller='games'*/[0m
  ↳ app/controllers/games_controller.rb:15:in `show'
  Rendering layout layouts/application.html.erb
  Rendering games/show.html.erb within layouts/application
  [1m[36mTeam Exists? (0.1ms)[0m  [1m[34mSELECT 1 AS one FROM "teams" WHERE "teams"."game_id" = 1 LIMIT 1 /*action='show',application='Ttd',controller='games'*/[0m
  ↳ app/views/games/show.html.erb:20
  Rendered games/show.html.erb within layouts/application (Duration: 16.0ms | GC: 0.0ms)
  Rendered layout layouts/application.html.erb (Duration: 17.2ms | GC: 0.0ms)
Completed 200 OK in 92ms (Views: 17.9ms | ActiveRecord: 1.4ms (3 queries, 0 cached) | GC: 0.2ms)


